100
372372 7961360 6051176
-775969 2147875 -9766608
-420800 7422083 -6701691
-230304 9202977 -3912187
142701 9691442 2464940
419346 7439064 6682840
847874 908514 9958643
391435 7755651 6312671
464955 6884124 7253193
832022 1183642 9929702
398404 7678293 6406544
-398355 7678858 -6405871
-812586 1519765 -9883841
-882498 305438 -9995332
130807 9740520 2263254
701580 3394272 9406320
88611 9880642 1540421
858106 730530 9973280
271034 8901850 4555987
-252836 9042042 -4270990
-80330 9901883 -1397420
256330 9015816 4326087
682400 3707189 9287452
-66842 9932032 -1163943
-570020 5446111 -8386887
-100659 9846073 -1747795
-374016 7943946 -6074018
315414 8522617 5231156
241069 9127852 4084397
-130328 9742415 -2255080
745929 2656768 9640620
167694 9574734 2885218
329561 8390850 5440001
-95431 9861609 -1657907
-558541 5613037 -8276104
-699611 3426593 -9394592
576109 5356684 8444285
-736046 2822627 -9593369
502230 6398015 7685403
6382 9999378 111422
-842677 998845 -9949991
255179 9024493 4307954
-594716 5079713 -8613744
617085 4739603 8805461
178614 9518008 3067173
-175448 9534814 -3014517
-140289 9701738 -2424103
149486 9661577 2579517
-741741 2727199 -9620937
-673598 3849431 -9229400
580130 5297254 8481692
59745 9945681 1040892
371606 7969430 6040540
353774 8153553 5789607
556344 5644704 8254531
-532518 5983021 -8012705
507392 6328518 7742727
-896127 67591 -9999771
-374929 7934274 -6086648
413740 7504106 6609718
519076 6169320 7870163
162037 9602749 2790555
358332 8107228 5854303
-15257 9996455 -266288
330168 8385096 5448867
635993 4446442 8957070
102794 9839490 1784483
-212030 9323042 -3616741
-697547 3460440 -9382182
864582 617801 9980896
743984 2689484 9631543
653408 4172194 9088057
202753 9380384 3465307
613018 4801958 8771613
846218 937307 9955973
829168 1233095 9923681
328424 8401647 5423312
739609 2762925 9610735
-880680 337124 -9994314
-49404 9962847 -861209
-408454 7564748 -6540223
781132 2059791 9785563
-15195 9996483 -265140
92904 9868821 1614405
18230 9994934 318141
-408872 7559981 -6545733
75002 9914452 1305283
-224056 9245077 -3811623
674992 3826998 9238728
835173 1129001 9936064
-228607 9214536 -3884894
657461 4107822 9117335
-359440 8095912 -5869938
639862 4385905 8986865
265962 8941838 4476999
-491998 6534279 -7569885
147687 9669619 2549209
421914 7409035 6716118
-363938 8049570 -5933331
-661640 4041211 -9147051
